p/172.jpg 1 0 0 68 90
p/173.jpg 1 0 0 72 76
p/174.jpg 1 0 0 68 70
p/175.jpg 1 0 0 70 80
p/176.jpg 1 0 0 72 80
p/177.jpg 1 0 0 80 76
p/178.jpg 1 0 0 76 84
p/179.jpg 1 0 0 80 78
p/180.jpg 1 0 0 80 74
p/181.jpg 1 0 0 80 72
p/182.jpg 1 0 0 74 86
p/183.jpg 1 0 0 86 70
p/184.jpg 1 0 0 70 70
p/185.jpg 1 0 0 64 78
p/186.jpg 1 0 0 70 76
p/187.jpg 1 0 0 64 72
p/188.jpg 1 0 0 74 70
p/189.jpg 1 0 0 62 82
p/190.jpg 1 0 0 66 64
p/191.jpg 1 0 0 62 70
p/192.jpg 1 0 0 74 62
p/193.jpg 1 0 0 50 64
p/194.jpg 1 0 0 62 62
p/195.jpg 1 0 0 58 66
p/196.jpg 1 0 0 66 72
p/197.jpg 1 0 0 68 68
p/198.jpg 1 0 0 50 76
p/199.jpg 1 0 0 74 74
p/200.jpg 1 0 0 64 74
p/201.jpg 1 0 0 70 80
p/202.jpg 1 0 0 74 78
p/203.jpg 1 0 0 76 70
p/88.jpg 1 0 0 58 80
p/89.jpg 1 0 0 58 92
p/90.jpg 1 0 0 64 86
p/91.jpg 1 0 0 68 86
p/92.jpg 1 0 0 60 92
p/93.jpg 1 0 0 60 100
p/94.jpg 1 0 0 64 90
p/95.jpg 1 0 0 64 90
p/96.jpg 1 0 0 62 84
p/97.jpg 1 0 0 66 96
p/98.jpg 1 0 0 64 86
p/99.jpg 1 0 0 62 90
p/100.jpg 1 0 0 60 86
p/101.jpg 1 0 0 66 88
p/102.jpg 1 0 0 50 76
p/103.jpg 1 0 0 68 76
p/104.jpg 1 0 0 62 84
p/105.jpg 1 0 0 56 74
p/106.jpg 1 0 0 60 76
p/107.jpg 1 0 0 62 74
p/108.jpg 1 0 0 62 76
p/109.jpg 1 0 0 58 72
p/110.jpg 1 0 0 56 70
p/111.jpg 1 0 0 64 76
p/112.jpg 1 0 0 64 72
p/113.jpg 1 0 0 58 74
p/114.jpg 1 0 0 60 82
p/115.jpg 1 0 0 64 78
p/116.jpg 1 0 0 68 72
p/117.jpg 1 0 0 60 70
p/118.jpg 1 0 0 69 82
p/119.jpg 1 0 0 52 66
p/120.jpg 1 0 0 54 68
p/121.jpg 1 0 0 54 82
p/122.jpg 1 0 0 48 72
p/123.jpg 1 0 0 58 66
p/124.jpg 1 0 0 54 72
p/125.jpg 1 0 0 70 68
p/126.jpg 1 0 0 62 82
p/127.jpg 1 0 0 54 80
p/128.jpg 1 0 0 58 86
p/129.jpg 1 0 0 67 79
p/130.jpg 1 0 0 60 70
p/131.jpg 1 0 0 60 68
p/132.jpg 1 0 0 67 70
p/133.jpg 1 0 0 58 69
p/134.jpg 1 0 0 65 72
p/135.jpg 1 0 0 54 72
p/136.jpg 1 0 0 54 70
p/137.jpg 1 0 0 50 62
p/138.jpg 1 0 0 56 68
p/139.jpg 1 0 0 52 68
p/140.jpg 1 0 0 50 74
p/141.jpg 1 0 0 46 70
p/142.jpg 1 0 0 46 72
p/143.jpg 1 0 0 48 54
p/144.jpg 1 0 0 55 80
p/145.jpg 1 0 0 70 64
p/146.jpg 1 0 0 54 64
p/147.jpg 1 0 0 48 70
p/148.jpg 1 0 0 52 62
p/149.jpg 1 0 0 48 70
p/150.jpg 1 0 0 59 78
p/151.jpg 1 0 0 61 76
p/152.jpg 1 0 0 77 85
p/153.jpg 1 0 0 58 78
p/154.jpg 1 0 0 56 64
p/155.jpg 1 0 0 56 70
p/156.jpg 1 0 0 58 78
p/157.jpg 1 0 0 42 60
p/158.jpg 1 0 0 77 74
p/159.jpg 1 0 0 251 325
p/160.jpg 1 0 0 242 308
p/161.jpg 1 0 0 242 325
p/162.jpg 1 0 0 292 350
p/163.jpg 1 0 0 275 317
p/164.jpg 1 0 0 429 321
p/165.jpg 1 0 0 263 354
p/166.jpg 1 0 0 233 308
p/167.jpg 1 0 0 283 317
p/168.jpg 1 0 0 242 300
p/169.jpg 1 0 0 82 90
p/170.jpg 1 0 0 317 342
p/171.jpg 1 0 0 275 367
p/31.jpg 1 0 0 642 863
p/32.jpg 1 0 0 754 867
p/33.jpg 1 0 0 704 850
p/34.jpg 1 0 0 733 904
p/35.jpg 1 0 0 613 883
p/36.jpg 1 0 0 683 879
p/37.jpg 1 0 0 704 913
p/38.jpg 1 0 0 679 887
p/39.jpg 1 0 0 621 825
p/40.jpg 1 0 0 621 842
p/41.jpg 1 0 0 613 863
p/42.jpg 1 0 0 504 850
p/43.jpg 1 0 0 521 829
p/44.jpg 1 0 0 587 867
p/45.jpg 1 0 0 554 854
p/46.jpg 1 0 0 575 812
p/47.jpg 1 0 0 563 825
p/48.jpg 1 0 0 227 388
p/49.jpg 1 0 0 279 354
p/50.jpg 1 0 0 287 354
p/51.jpg 1 0 0 263 296
p/52.jpg 1 0 0 250 321
p/53.jpg 1 0 0 254 338
p/54.jpg 1 0 0 246 333
p/55.jpg 1 0 0 271 325
p/56.jpg 1 0 0 221 321
p/57.jpg 1 0 0 203 313
p/58.jpg 1 0 0 210 292
p/59.jpg 1 0 0 242 271
p/60.jpg 1 0 0 206 308
p/61.jpg 1 0 0 219 272
p/62.jpg 1 0 0 211 296
p/63.jpg 1 0 0 190 239
p/64.jpg 1 0 0 212 289
p/65.jpg 1 0 0 300 317
p/66.jpg 1 0 0 225 308
p/67.jpg 1 0 0 263 346
p/68.jpg 1 0 0 246 346
p/69.jpg 1 0 0 258 300
p/70.jpg 1 0 0 250 304
p/71.jpg 1 0 0 246 317
p/72.jpg 1 0 0 254 325
p/73.jpg 1 0 0 271 321
p/74.jpg 1 0 0 287 346
p/75.jpg 1 0 0 263 279
p/76.jpg 1 0 0 275 304
p/77.jpg 1 0 0 242 300
p/78.jpg 1 0 0 267 318
p/79.jpg 1 0 0 250 321
p/80.jpg 1 0 0 263 329
p/81.jpg 1 0 0 233 296
p/82.jpg 1 0 0 246 287
p/83.jpg 1 0 0 221 271
p/84.jpg 1 0 0 233 271
p/85.jpg 1 0 0 229 300
p/86.jpg 1 0 0 245 308
p/87.jpg 1 0 0 217 317
p/22.jpg 1 0 0 496 583
p/23.jpg 1 0 0 111 140
p/24.jpg 1 0 0 437 583
p/25.jpg 1 0 0 442 579
p/26.jpg 1 0 0 120 144
p/27.jpg 1 0 0 450 571
p/28.jpg 1 0 0 475 571
p/29.jpg 1 0 0 379 571
p/30.jpg 1 0 0 450 596
p/16.jpg 1 0 0 583 733
p/17.jpg 1 0 0 500 750
p/18.jpg 1 0 0 583 754
p/19.jpg 1 0 0 571 771
p/20.jpg 1 0 0 579 742
p/21.jpg 1 0 0 575 729
p/9.jpg 1 0 0 563 788
p/10.jpg 1 0 0 725 775
p/11.jpg 1 0 0 567 704
p/12.jpg 1 0 0 600 833
p/13.jpg 1 0 0 550 742
p/14.jpg 1 0 0 550 825
p/15.jpg 1 0 0 700 817
p/8.jpg 1 0 0 84 108
p/7.jpg 1 0 0 84 122
p/6.jpg 1 0 0 96 140
p/5.jpg 1 0 0 106 134
p/4.jpg 1 0 0 124 146
p/3.jpg 1 0 0 124 148
p/2.jpg 1 0 0 120 154
p/1.jpg 1 0 0 116 158